<?xml version="1.0" encoding="UTF-8"?>
<testng-results skipped="0" failed="0" ignored="0" total="8" passed="8">
  <reporter-output>
  </reporter-output>
  <suite name="Suite" duration-ms="45" started-at="2019-07-30T23:34:47Z" finished-at="2019-07-30T23:34:47Z">
    <groups>
    </groups>
    <test name="Test" duration-ms="45" started-at="2019-07-30T23:34:47Z" finished-at="2019-07-30T23:34:47Z">
      <class name="TextParserTest">
        <test-method status="PASS" signature="testBlankInput()[pri:0, instance:TextParserTest@1810399e]" name="testBlankInput" duration-ms="7" started-at="2019-07-30T23:34:47Z" finished-at="2019-07-30T23:34:47Z">
          <exception class="java.lang.Exception">
            <full-stacktrace>
              <![CDATA[java.lang.Exception
at TextParser.parse(TextParser.java:57)
at TextParserTest.testBlankInput(TextParserTest.java:79)
at sun.reflect.NativeMethodAccessorImpl.invoke0(Native Method)
at sun.reflect.NativeMethodAccessorImpl.invoke(NativeMethodAccessorImpl.java:62)
at sun.reflect.DelegatingMethodAccessorImpl.invoke(DelegatingMethodAccessorImpl.java:43)
at java.lang.reflect.Method.invoke(Method.java:498)
at org.testng.internal.MethodInvocationHelper.invokeMethod(MethodInvocationHelper.java:124)
at org.testng.internal.Invoker.invokeMethod(Invoker.java:583)
at org.testng.internal.Invoker.invokeTestMethod(Invoker.java:719)
at org.testng.internal.Invoker.invokeTestMethods(Invoker.java:989)
at org.testng.internal.TestMethodWorker.invokeTestMethods(TestMethodWorker.java:125)
at org.testng.internal.TestMethodWorker.run(TestMethodWorker.java:109)
at org.testng.TestRunner.privateRun(TestRunner.java:648)
at org.testng.TestRunner.run(TestRunner.java:505)
at org.testng.SuiteRunner.runTest(SuiteRunner.java:455)
at org.testng.SuiteRunner.runSequentially(SuiteRunner.java:450)
at org.testng.SuiteRunner.privateRun(SuiteRunner.java:415)
at org.testng.SuiteRunner.run(SuiteRunner.java:364)
at org.testng.SuiteRunnerWorker.runSuite(SuiteRunnerWorker.java:52)
at org.testng.SuiteRunnerWorker.run(SuiteRunnerWorker.java:84)
at org.testng.TestNG.runSuitesSequentially(TestNG.java:1208)
at org.testng.TestNG.runSuitesLocally(TestNG.java:1137)
at org.testng.TestNG.runSuites(TestNG.java:1049)
at org.testng.TestNG.run(TestNG.java:1017)
at org.testng.remote.AbstractRemoteTestNG.run(AbstractRemoteTestNG.java:115)
at org.testng.remote.RemoteTestNG.initAndRun(RemoteTestNG.java:251)
at org.testng.remote.RemoteTestNG.main(RemoteTestNG.java:77)
]]>
            </full-stacktrace>
          </exception> <!-- java.lang.Exception -->
          <reporter-output>
          </reporter-output>
        </test-method> <!-- testBlankInput -->
        <test-method status="PASS" signature="testComplexNumericInput()[pri:0, instance:TextParserTest@1810399e]" name="testComplexNumericInput" duration-ms="2" started-at="2019-07-30T23:34:47Z" finished-at="2019-07-30T23:34:47Z">
          <reporter-output>
          </reporter-output>
        </test-method> <!-- testComplexNumericInput -->
        <test-method status="PASS" signature="testComplexSpecialCharacterInput()[pri:0, instance:TextParserTest@1810399e]" name="testComplexSpecialCharacterInput" duration-ms="1" started-at="2019-07-30T23:34:47Z" finished-at="2019-07-30T23:34:47Z">
          <reporter-output>
          </reporter-output>
        </test-method> <!-- testComplexSpecialCharacterInput -->
        <test-method status="PASS" signature="testMultipleParse()[pri:0, instance:TextParserTest@1810399e]" name="testMultipleParse" duration-ms="2" started-at="2019-07-30T23:34:47Z" finished-at="2019-07-30T23:34:47Z">
          <reporter-output>
          </reporter-output>
        </test-method> <!-- testMultipleParse -->
        <test-method status="PASS" signature="testOutputLengths()[pri:0, instance:TextParserTest@1810399e]" name="testOutputLengths" duration-ms="1" started-at="2019-07-30T23:34:47Z" finished-at="2019-07-30T23:34:47Z">
          <reporter-output>
          </reporter-output>
        </test-method> <!-- testOutputLengths -->
        <test-method status="PASS" signature="testPlainNumericInput()[pri:0, instance:TextParserTest@1810399e]" name="testPlainNumericInput" duration-ms="1" started-at="2019-07-30T23:34:47Z" finished-at="2019-07-30T23:34:47Z">
          <exception class="java.lang.Exception">
            <full-stacktrace>
              <![CDATA[java.lang.Exception
at TextParser.parse(TextParser.java:57)
at TextParserTest.testPlainNumericInput(TextParserTest.java:85)
at sun.reflect.NativeMethodAccessorImpl.invoke0(Native Method)
at sun.reflect.NativeMethodAccessorImpl.invoke(NativeMethodAccessorImpl.java:62)
at sun.reflect.DelegatingMethodAccessorImpl.invoke(DelegatingMethodAccessorImpl.java:43)
at java.lang.reflect.Method.invoke(Method.java:498)
at org.testng.internal.MethodInvocationHelper.invokeMethod(MethodInvocationHelper.java:124)
at org.testng.internal.Invoker.invokeMethod(Invoker.java:583)
at org.testng.internal.Invoker.invokeTestMethod(Invoker.java:719)
at org.testng.internal.Invoker.invokeTestMethods(Invoker.java:989)
at org.testng.internal.TestMethodWorker.invokeTestMethods(TestMethodWorker.java:125)
at org.testng.internal.TestMethodWorker.run(TestMethodWorker.java:109)
at org.testng.TestRunner.privateRun(TestRunner.java:648)
at org.testng.TestRunner.run(TestRunner.java:505)
at org.testng.SuiteRunner.runTest(SuiteRunner.java:455)
at org.testng.SuiteRunner.runSequentially(SuiteRunner.java:450)
at org.testng.SuiteRunner.privateRun(SuiteRunner.java:415)
at org.testng.SuiteRunner.run(SuiteRunner.java:364)
at org.testng.SuiteRunnerWorker.runSuite(SuiteRunnerWorker.java:52)
at org.testng.SuiteRunnerWorker.run(SuiteRunnerWorker.java:84)
at org.testng.TestNG.runSuitesSequentially(TestNG.java:1208)
at org.testng.TestNG.runSuitesLocally(TestNG.java:1137)
at org.testng.TestNG.runSuites(TestNG.java:1049)
at org.testng.TestNG.run(TestNG.java:1017)
at org.testng.remote.AbstractRemoteTestNG.run(AbstractRemoteTestNG.java:115)
at org.testng.remote.RemoteTestNG.initAndRun(RemoteTestNG.java:251)
at org.testng.remote.RemoteTestNG.main(RemoteTestNG.java:77)
]]>
            </full-stacktrace>
          </exception> <!-- java.lang.Exception -->
          <reporter-output>
          </reporter-output>
        </test-method> <!-- testPlainNumericInput -->
        <test-method status="PASS" signature="testPlainSpecialCharacterInput()[pri:0, instance:TextParserTest@1810399e]" name="testPlainSpecialCharacterInput" duration-ms="1" started-at="2019-07-30T23:34:47Z" finished-at="2019-07-30T23:34:47Z">
          <exception class="java.lang.Exception">
            <full-stacktrace>
              <![CDATA[java.lang.Exception
at TextParser.parse(TextParser.java:57)
at TextParserTest.testPlainSpecialCharacterInput(TextParserTest.java:92)
at sun.reflect.NativeMethodAccessorImpl.invoke0(Native Method)
at sun.reflect.NativeMethodAccessorImpl.invoke(NativeMethodAccessorImpl.java:62)
at sun.reflect.DelegatingMethodAccessorImpl.invoke(DelegatingMethodAccessorImpl.java:43)
at java.lang.reflect.Method.invoke(Method.java:498)
at org.testng.internal.MethodInvocationHelper.invokeMethod(MethodInvocationHelper.java:124)
at org.testng.internal.Invoker.invokeMethod(Invoker.java:583)
at org.testng.internal.Invoker.invokeTestMethod(Invoker.java:719)
at org.testng.internal.Invoker.invokeTestMethods(Invoker.java:989)
at org.testng.internal.TestMethodWorker.invokeTestMethods(TestMethodWorker.java:125)
at org.testng.internal.TestMethodWorker.run(TestMethodWorker.java:109)
at org.testng.TestRunner.privateRun(TestRunner.java:648)
at org.testng.TestRunner.run(TestRunner.java:505)
at org.testng.SuiteRunner.runTest(SuiteRunner.java:455)
at org.testng.SuiteRunner.runSequentially(SuiteRunner.java:450)
at org.testng.SuiteRunner.privateRun(SuiteRunner.java:415)
at org.testng.SuiteRunner.run(SuiteRunner.java:364)
at org.testng.SuiteRunnerWorker.runSuite(SuiteRunnerWorker.java:52)
at org.testng.SuiteRunnerWorker.run(SuiteRunnerWorker.java:84)
at org.testng.TestNG.runSuitesSequentially(TestNG.java:1208)
at org.testng.TestNG.runSuitesLocally(TestNG.java:1137)
at org.testng.TestNG.runSuites(TestNG.java:1049)
at org.testng.TestNG.run(TestNG.java:1017)
at org.testng.remote.AbstractRemoteTestNG.run(AbstractRemoteTestNG.java:115)
at org.testng.remote.RemoteTestNG.initAndRun(RemoteTestNG.java:251)
at org.testng.remote.RemoteTestNG.main(RemoteTestNG.java:77)
]]>
            </full-stacktrace>
          </exception> <!-- java.lang.Exception -->
          <reporter-output>
          </reporter-output>
        </test-method> <!-- testPlainSpecialCharacterInput -->
        <test-method status="PASS" signature="testSimpleParse()[pri:0, instance:TextParserTest@1810399e]" name="testSimpleParse" duration-ms="1" started-at="2019-07-30T23:34:47Z" finished-at="2019-07-30T23:34:47Z">
          <reporter-output>
          </reporter-output>
        </test-method> <!-- testSimpleParse -->
      </class> <!-- TextParserTest -->
    </test> <!-- Test -->
  </suite> <!-- Suite -->
</testng-results>
